2026-03-16 10:46:40,410 [WARNING] davey is not installed, voice will NOT be supported
2026-03-16 10:46:40,410 [WARNING] Privileged message content intent is missing, commands may not work as expected.
2026-03-16 10:46:40,411 [INFO] logging in using static token
2026-03-16 10:46:42,841 [INFO] Shard ID None has connected to Gateway (Session ID: d5d0b59732d5e4819fb2f86298ec71d3).
2026-03-16 10:46:44,851 [INFO] Bot Stream_Guard đã sẵn sàng!
2026-03-16 10:49:49,024 [INFO] aint.trwdat vào phòng, bắt đầu đếm ngược 60s.
2026-03-16 10:50:40,548 [INFO] Đã cảnh báo aint.trwdat, còn 10s.
2026-03-16 10:50:50,974 [INFO] Đã kick aint.trwdat vì không stream.
2026-03-16 10:50:50,975 [INFO] aint.trwdat rời phòng, huỷ kiểm tra.
2026-03-16 10:50:50,976 [INFO] Task kiểm tra cho aint.trwdat đã bị huỷ.
2026-03-16 11:09:35,014 [WARNING] davey is not installed, voice will NOT be supported
2026-03-16 11:09:35,014 [WARNING] Privileged message content intent is missing, commands may not work as expected.
2026-03-16 11:09:35,014 [INFO] logging in using static token
2026-03-16 11:09:37,180 [INFO] Shard ID None has connected to Gateway (Session ID: a0d3f191e6f6fe821fb5be9c9a3dd26a).
2026-03-16 11:09:39,188 [INFO] Bot Stream_Guard đã sẵn sàng!
2026-03-16 14:45:38,005 [WARNING] davey is not installed, voice will NOT be supported
2026-03-16 14:45:38,007 [WARNING] Privileged message content intent is missing, commands may not work as expected.
2026-03-16 14:45:38,007 [INFO] logging in using static token
2026-03-16 14:45:39,746 [INFO] Shard ID None has connected to Gateway (Session ID: cc4e26648c6f29b710cb0dda3785d691).
2026-03-16 14:45:41,753 [INFO] Bot Stream_Guard đã sẵn sàng!
2026-03-16 14:45:45,664 [INFO] aint.trwdat vào phòng, bắt đầu đếm ngược 60s.
2026-03-16 14:46:36,593 [INFO] Đã cảnh báo aint.trwdat, còn 10s.
2026-03-16 14:46:46,318 [INFO] aint.trwdat rời phòng, huỷ kiểm tra.
2026-03-16 14:46:46,318 [INFO] Task kiểm tra cho aint.trwdat đã bị huỷ.
2026-03-17 09:08:34,073 [WARNING] davey is not installed, voice will NOT be supported
2026-03-17 09:08:34,077 [WARNING] Privileged message content intent is missing, commands may not work as expected.
2026-03-17 09:08:34,077 [INFO] logging in using static token
2026-03-17 09:08:35,802 [INFO] Shard ID None has connected to Gateway (Session ID: d2095b10837b10d56db6411b71e6c6e2).
2026-03-17 09:08:37,806 [INFO] Bot Stream_Guard đã sẵn sàng!
2026-03-17 09:13:32,720 [WARNING] davey is not installed, voice will NOT be supported
2026-03-17 09:13:32,721 [WARNING] Privileged message content intent is missing, commands may not work as expected.
2026-03-17 09:13:32,721 [INFO] logging in using static token
2026-03-17 09:13:34,347 [INFO] Shard ID None has connected to Gateway (Session ID: 2ba15d7d25c9d90460e173e7b1381ec9).
2026-03-17 09:13:36,356 [INFO] Bot Stream_Guard đã sẵn sàng!
2026-03-17 09:14:52,123 [WARNING] davey is not installed, voice will NOT be supported
2026-03-17 09:14:52,124 [WARNING] Privileged message content intent is missing, commands may not work as expected.
2026-03-17 09:14:52,124 [INFO] logging in using static token
2026-03-17 09:14:53,956 [INFO] Shard ID None has connected to Gateway (Session ID: e9a50c23789741d6c75666487a5f5e15).
2026-03-17 09:14:55,970 [INFO] Bot con bot gay đã sẵn sàng!
